<?xml version="1.0" ?>
<testsuite errors="0" failures="0" name="serv_smb.conf_smb_test-20180424202458" tests="2" time="15.443">
	<testcase classname="serv_smb.conf_smb_test" name="test_01_turnon_smb" time="10.733"/>
	<testcase classname="serv_smb.conf_smb_test" name="test_03_turnoff_smb" time="4.710"/>
	<system-out>
<![CDATA[ turning on the smb service
the Page now is: Services
executing the status change function with input 2 + start
status has now changed to running
Taking screenshot for serv_smb-test_01_turnon_smb
 turning off the smb service
executing the status change function with input 2 + stop
Taking screenshot for serv_smb-test_03_turnoff_smb
]]>	</system-out>
	<system-err>
<![CDATA[]]>	</system-err>
</testsuite>
