<?xml version="1.0" ?>
<testsuite errors="0" failures="0" name="acc_group.create_group_test-20180424201907" tests="3" time="69.513">
	<testcase classname="acc_group.create_group_test" name="test_01_nav_acc_group" time="4.815"/>
	<testcase classname="acc_group.create_group_test" name="test_02_create_newgroup" time="63.311"/>
	<testcase classname="acc_group.create_group_test" name="test_03_close_navAccount" time="1.387"/>
	<system-out>
<![CDATA[ navigating to the group submenu
Taking screenshot for acc_group-test_01_nav_acc_group
 creating a new group without root access
Taking screenshot for acc_group-test_02_create_newgroup
Duplicate user cannot be created
 closing account menu
Taking screenshot for acc_group-test_03_close_navAccount
]]>	</system-out>
	<system-err>
<![CDATA[]]>	</system-err>
</testsuite>
