<?xml version="1.0" ?>
<testsuite errors="0" failures="0" name="serv_dc.conf_dc_test-20180424202513" tests="2" time="48.458">
	<testcase classname="serv_dc.conf_dc_test" name="test_01_turnon_dc" time="21.668"/>
	<testcase classname="serv_dc.conf_dc_test" name="test_03_turnoff_dc" time="26.790"/>
	<system-out>
<![CDATA[ turning on the dc service
the Page now is: Services
executing the status change function with input 3 + start
status has now changed to running
Taking screenshot for serv_dc-test_01_turnon_dc
 turning off the dc service
executing the status change function with input 3 + stop
Taking screenshot for serv_dc-test_03_turnoff_dc
]]>	</system-out>
	<system-err>
<![CDATA[]]>	</system-err>
</testsuite>
