<?xml version="1.0" ?>
<testsuite errors="0" failures="0" name="guide.view_guide_test-20180424202658" tests="2" time="33.519">
	<testcase classname="guide.view_guide_test" name="test_01_nav_guide" time="2.378"/>
	<testcase classname="guide.view_guide_test" name="test_02_check_version" time="31.142"/>
	<system-out>
<![CDATA[the Page now is: Guide
Taking screenshot for guide-test_01_nav_guide
Taking screenshot for guide-test_02_check_version
]]>	</system-out>
	<system-err>
<![CDATA[]]>	</system-err>
</testsuite>
