<?xml version="1.0" ?>
<testsuite errors="0" failures="0" name="serv_ftp.conf_ftp_test-20180424202617" tests="2" time="15.414">
	<testcase classname="serv_ftp.conf_ftp_test" name="test_01_turnon_ftp" time="10.715"/>
	<testcase classname="serv_ftp.conf_ftp_test" name="test_02_turnoff_ftp" time="4.699"/>
	<system-out>
<![CDATA[ turning on the ftp service
the Page now is: Services
executing the status change function with input 5 + start
status has now changed to running
Taking screenshot for serv_ftp-test_01_turnon_ftp
 turning off the ftp service
executing the status change function with input 5 + stop
Taking screenshot for serv_ftp-test_02_turnoff_ftp
]]>	</system-out>
	<system-err>
<![CDATA[]]>	</system-err>
</testsuite>
